[debug] [2022-03-22T11:09:21.694Z] ----------------------------------------------------------------------
[debug] [2022-03-22T11:09:21.700Z] Command:       C:\Program Files\nodejs\node.exe C:\Users\edmar\AppData\Roaming\npm\node_modules\firebase-tools\lib\bin\firebase.js init
[debug] [2022-03-22T11:09:21.701Z] CLI Version:   10.2.2
[debug] [2022-03-22T11:09:21.701Z] Platform:      win32
[debug] [2022-03-22T11:09:21.701Z] Node Version:  v14.17.4
[debug] [2022-03-22T11:09:21.703Z] Time:          Tue Mar 22 2022 19:09:21 GMT+0800 (Philippine Standard Time)
[debug] [2022-03-22T11:09:21.704Z] ----------------------------------------------------------------------
[debug] 
[debug] [2022-03-22T11:09:21.711Z] >>> [apiv2][query] GET https://firebase-public.firebaseio.com/cli.json [none]
[debug] [2022-03-22T11:09:21.772Z] > command requires scopes: ["email","openid","https://www.googleapis.com/auth/cloudplatformprojects.readonly","https://www.googleapis.com/auth/firebase","https://www.googleapis.com/auth/cloud-platform"]
[debug] [2022-03-22T11:09:21.773Z] > authorizing via signed-in user (edmardausan15@gmail.com)
[info] 
     ######## #### ########  ######## ########     ###     ######  ########
     ##        ##  ##     ## ##       ##     ##  ##   ##  ##       ##
     ######    ##  ########  ######   ########  #########  ######  ######
     ##        ##  ##    ##  ##       ##     ## ##     ##       ## ##
     ##       #### ##     ## ######## ########  ##     ##  ######  ########

You're about to initialize a Firebase project in this directory:

  C:\Users\edmar\Desktop\niced-craves-admin

[debug] [2022-03-22T11:09:22.600Z] <<< [apiv2][status] GET https://firebase-public.firebaseio.com/cli.json 200
[debug] [2022-03-22T11:09:22.600Z] <<< [apiv2][body] GET https://firebase-public.firebaseio.com/cli.json {"cloudBuildErrorAfter":1594252800000,"cloudBuildWarnAfter":1590019200000,"defaultNode10After":1594252800000,"minVersion":"3.0.5","node8DeploysDisabledAfter":1613390400000,"node8RuntimeDisabledAfter":1615809600000,"node8WarnAfter":1600128000000}
[info] 
=== Project Setup
[info] 
[info] First, let's associate this project directory with a Firebase project.
[info] You can create multiple project aliases by running firebase use --add, 
[info] but for now we'll just set up a default project.
[info] 
[debug] [2022-03-22T11:10:34.884Z] > refreshing access token with scopes: []
[debug] [2022-03-22T11:10:34.886Z] >>> HTTP REQUEST POST https://www.googleapis.com/oauth2/v3/token  
 <request body omitted>
[debug] [2022-03-22T11:10:35.052Z] <<< HTTP RESPONSE 200 {"date":"Tue, 22 Mar 2022 11:10:36 GMT","cache-control":"no-cache, no-store, max-age=0, must-revalidate","pragma":"no-cache","expires":"Mon, 01 Jan 1990 00:00:00 GMT","content-type":"application/json; charset=utf-8","vary":"X-Origin, Referer, Origin,Accept-Encoding","server":"scaffolding on HTTPServer2","x-xss-protection":"0","x-frame-options":"SAMEORIGIN","x-content-type-options":"nosniff","alt-svc":"h3=\":443\"; ma=2592000,h3-29=\":443\"; ma=2592000,h3-Q050=\":443\"; ma=2592000,h3-Q046=\":443\"; ma=2592000,h3-Q043=\":443\"; ma=2592000,quic=\":443\"; ma=2592000; v=\"46,43\"","accept-ranges":"none","transfer-encoding":"chunked"}
[debug] [2022-03-22T11:10:35.079Z] >>> [apiv2][query] GET https://firebase.googleapis.com/v1beta1/projects pageSize=100
[debug] [2022-03-22T11:10:35.711Z] <<< [apiv2][status] GET https://firebase.googleapis.com/v1beta1/projects 200
[debug] [2022-03-22T11:10:35.711Z] <<< [apiv2][body] GET https://firebase.googleapis.com/v1beta1/projects [omitted]
